<?xml version="1.0" encoding="UTF-8"?>
<testsuite xmlns:xsi="http://www.w3.org/2001/XMLSchema-instance" xsi:noNamespaceSchemaLocation="https://maven.apache.org/surefire/maven-surefire-plugin/xsd/surefire-test-report.xsd" name="com.iyoungman.board.PostsServiceTest" time="16.087" tests="2" errors="0" skipped="0" failures="0">
  <properties>
[...]
</properties>
  <testcase name="savePosts" classname="com.iyoungman.board.PostsServiceTest" time="0.636"/>
  <testcase name="getPagingPosts" classname="com.iyoungman.board.PostsServiceTest" time="0.132"/>
</testsuite>